10:39:25.296 INFO  R001TO - [1] Atributo monto = [] no es numerico 
10:39:25.390 INFO  R001TO - [1] 	comando = [R001] 
10:39:25.390 INFO  R001TO - [1] 	version = [0001] 
10:39:25.390 INFO  R001TO - [1] 	pv_iddis = [1002] 
10:39:25.390 INFO  R001TO - [1] 	pv_idsdi = [000001] 
10:39:25.390 INFO  R001TO - [1] 	pv_idcan = [000001] 
10:39:25.390 INFO  R001TO - [1] 	pv_idter = [000000000001] 
10:39:25.390 INFO  R001TO - [1] 	pv_sectr = [000001] 
10:39:25.390 INFO  R001TO - [1] 	pv_feven = [20130913103925] 
10:39:25.390 INFO  R001TO - [1] 	rp_ids = [                ] 
10:39:25.390 INFO  R001TO - [1] 	rp_mnt = [] 
10:39:25.390 INFO  R001TO - [1] 	rp_cdp = [0001] 
10:39:49.796 INFO  R001TO - [2] 	comando = [R001] 
10:39:49.796 INFO  R001TO - [2] 	version = [0001] 
10:39:49.796 INFO  R001TO - [2] 	pv_iddis = [1002] 
10:39:49.796 INFO  R001TO - [2] 	pv_idsdi = [000001] 
10:39:49.796 INFO  R001TO - [2] 	pv_idcan = [000001] 
10:39:49.796 INFO  R001TO - [2] 	pv_idter = [000000000001] 
10:39:49.796 INFO  R001TO - [2] 	pv_sectr = [000002] 
10:39:49.796 INFO  R001TO - [2] 	pv_feven = [20130913103949] 
10:39:49.796 INFO  R001TO - [2] 	rp_ids = [12345678        ] 
10:39:49.796 INFO  R001TO - [2] 	rp_mnt = [001000] 
10:39:49.796 INFO  R001TO - [2] 	rp_cdp = [0001] 
10:44:23.156 INFO  R001TO - [1] 	comando = [R001] 
10:44:23.171 INFO  R001TO - [1] 	version = [0001] 
10:44:23.171 INFO  R001TO - [1] 	pv_iddis = [1002] 
10:44:23.171 INFO  R001TO - [1] 	pv_idsdi = [000001] 
10:44:23.171 INFO  R001TO - [1] 	pv_idcan = [000001] 
10:44:23.171 INFO  R001TO - [1] 	pv_idter = [000000000001] 
10:44:23.171 INFO  R001TO - [1] 	pv_sectr = [000001] 
10:44:23.171 INFO  R001TO - [1] 	pv_feven = [20130913104423] 
10:44:23.171 INFO  R001TO - [1] 	rp_ids = [64296947        ] 
10:44:23.171 INFO  R001TO - [1] 	rp_mnt = [001000] 
10:44:23.171 INFO  R001TO - [1] 	rp_cdp = [0001] 
10:44:23.171 INFO  Fase1Cmd - [1] Abriendo conexion con servidor remoto: IP = [sd03.idev.cl] - PUERTO = [9100] 
10:44:23.187 INFO  Fase1Cmd - [1] Mensaje   [R001000110020000010000010000000000010000012013091310442364296947        0010000001] enviado exitosamente 
10:44:23.218 INFO  Fase1Cmd - [1] Respuesta [A001000110020000010000010000000000010000012013091310442364296947        001000000103000000] recibida correctamente 
10:44:23.218 INFO  Fase1Cmd - [1] Conexion con servidor remoto cerrada 
10:44:23.234 INFO  A001TO - [1] Creando objeto A001TO a partir de string recibido desde servidor remoto 
10:44:23.234 INFO  A001TO - [1] 	comando = [A001] 
10:44:23.234 INFO  A001TO - [1] 	version = [0001] 
10:44:23.234 INFO  A001TO - [1] 	pv_iddis = [1002] 
10:44:23.234 INFO  A001TO - [1] 	pv_idsdi = [000001] 
10:44:23.234 INFO  A001TO - [1] 	pv_idcan = [000001] 
10:44:23.234 INFO  A001TO - [1] 	pv_idter = [000000000001] 
10:44:23.234 INFO  A001TO - [1] 	pv_sectr = [000001] 
10:44:23.234 INFO  A001TO - [1] 	pv_feven = [20130913104423] 
10:44:23.234 INFO  A001TO - [1] 	rp_ids = [64296947        ] 
10:44:23.234 INFO  A001TO - [1] 	rp_mnt = [001000] 
10:44:23.234 INFO  A001TO - [1] 	rp_cdp = [0001] 
10:44:23.234 INFO  A001TO - [1] 	si_cre = [03] 
10:44:23.234 INFO  A001TO - [1] 	si_cpr = [000000] 
10:44:23.234 INFO  A001TO - [1] 	comando = [A001] 
10:44:23.234 INFO  A001TO - [1] 	version = [0001] 
10:44:23.234 INFO  A001TO - [1] 	pv_iddis = [1002] 
10:44:23.234 INFO  A001TO - [1] 	pv_idsdi = [000001] 
10:44:23.234 INFO  A001TO - [1] 	pv_idcan = [000001] 
10:44:23.234 INFO  A001TO - [1] 	pv_idter = [000000000001] 
10:44:23.234 INFO  A001TO - [1] 	pv_sectr = [000001] 
10:44:23.234 INFO  A001TO - [1] 	pv_feven = [20130913104423] 
10:44:23.234 INFO  A001TO - [1] 	rp_ids = [64296947        ] 
10:44:23.234 INFO  A001TO - [1] 	rp_mnt = [001000] 
10:44:23.234 INFO  A001TO - [1] 	rp_cdp = [0001] 
10:44:23.234 INFO  A001TO - [1] 	si_cre = [03] 
10:44:23.234 INFO  A001TO - [1] 	si_cpr = [000000] 
10:44:23.250 INFO  Fase2Cmd - [1] Codigo de respuesta = [03] --> no se enviara confirmacion 
10:44:23.250 INFO  A002TO - [1] Creando objeto A002TO a partir de un objeto A001TO 
10:44:23.250 INFO  Fase2Cmd - [1] Objeto A002TO de salida: 
10:44:23.250 INFO  A002TO - [1] 	comando = [A001] 
10:44:23.250 INFO  A002TO - [1] 	version = [0001] 
10:44:23.265 INFO  A002TO - [1] 	pv_iddis = [1002] 
10:44:23.265 INFO  A002TO - [1] 	pv_idsdi = [000001] 
10:44:23.265 INFO  A002TO - [1] 	pv_idcan = [000001] 
10:44:23.265 INFO  A002TO - [1] 	pv_idter = [000000000001] 
10:44:23.265 INFO  A002TO - [1] 	pv_sectr = [000001] 
10:44:23.265 INFO  A002TO - [1] 	pv_feven = [20130913104423] 
10:44:23.265 INFO  A002TO - [1] 	rp_ids = [64296947        ] 
10:44:23.265 INFO  A002TO - [1] 	rp_mnt = [001000] 
10:44:23.265 INFO  A002TO - [1] 	rp_cdp = [0001] 
10:44:23.265 INFO  A002TO - [1] 	si_cre = [03] 
10:44:23.265 INFO  A002TO - [1] 	si_cau = [00000000] 
10:44:23.265 INFO  A002TO - [1] 	rp_sal = [] 
10:44:23.265 INFO  A002TO - [1] 	rp_dvig = [] 
10:44:23.265 INFO  A002TO - [1] 	rp_men = [] 
10:44:23.265 INFO  Fase2Cmd - [1] Metodo finalizado correctamente 
10:45:03.171 INFO  R001TO - [2] Atributo monto = [] no es numerico 
10:45:03.171 INFO  Fase1Cmd - [2] Objeto R001 no enviado; 
10:45:12.750 INFO  R001TO - [3] 	comando = [R001] 
10:45:12.750 INFO  R001TO - [3] 	version = [0001] 
10:45:12.750 INFO  R001TO - [3] 	pv_iddis = [1002] 
10:45:12.750 INFO  R001TO - [3] 	pv_idsdi = [000001] 
10:45:12.750 INFO  R001TO - [3] 	pv_idcan = [000001] 
10:45:12.750 INFO  R001TO - [3] 	pv_idter = [000000000001] 
10:45:12.750 INFO  R001TO - [3] 	pv_sectr = [000003] 
10:45:12.750 INFO  R001TO - [3] 	pv_feven = [20130913104512] 
10:45:12.750 INFO  R001TO - [3] 	rp_ids = [64296947        ] 
10:45:12.750 INFO  R001TO - [3] 	rp_mnt = [003000] 
10:45:12.750 INFO  R001TO - [3] 	rp_cdp = [0001] 
10:45:12.750 INFO  Fase1Cmd - [3] Abriendo conexion con servidor remoto: IP = [sd03.idev.cl] - PUERTO = [9100] 
10:45:12.750 INFO  Fase1Cmd - [3] Mensaje   [R001000110020000010000010000000000010000032013091310451264296947        0030000001] enviado exitosamente 
10:45:12.953 INFO  Fase1Cmd - [3] Respuesta [A001000110020000010000010000000000010000032013091310451264296947        003000000100948817] recibida correctamente 
10:45:12.968 INFO  Fase1Cmd - [3] Conexion con servidor remoto cerrada 
10:45:12.968 INFO  A001TO - [3] Creando objeto A001TO a partir de string recibido desde servidor remoto 
10:45:12.968 INFO  A001TO - [3] 	comando = [A001] 
10:45:12.968 INFO  A001TO - [3] 	version = [0001] 
10:45:12.968 INFO  A001TO - [3] 	pv_iddis = [1002] 
10:45:12.968 INFO  A001TO - [3] 	pv_idsdi = [000001] 
10:45:12.968 INFO  A001TO - [3] 	pv_idcan = [000001] 
10:45:12.968 INFO  A001TO - [3] 	pv_idter = [000000000001] 
10:45:12.968 INFO  A001TO - [3] 	pv_sectr = [000003] 
10:45:12.968 INFO  A001TO - [3] 	pv_feven = [20130913104512] 
10:45:12.968 INFO  A001TO - [3] 	rp_ids = [64296947        ] 
10:45:12.968 INFO  A001TO - [3] 	rp_mnt = [003000] 
10:45:12.968 INFO  A001TO - [3] 	rp_cdp = [0001] 
10:45:12.968 INFO  A001TO - [3] 	si_cre = [00] 
10:45:12.968 INFO  A001TO - [3] 	si_cpr = [948817] 
10:45:12.968 INFO  A001TO - [3] 	comando = [A001] 
10:45:12.968 INFO  A001TO - [3] 	version = [0001] 
10:45:12.968 INFO  A001TO - [3] 	pv_iddis = [1002] 
10:45:12.968 INFO  A001TO - [3] 	pv_idsdi = [000001] 
10:45:12.968 INFO  A001TO - [3] 	pv_idcan = [000001] 
10:45:12.968 INFO  A001TO - [3] 	pv_idter = [000000000001] 
10:45:12.968 INFO  A001TO - [3] 	pv_sectr = [000003] 
10:45:12.968 INFO  A001TO - [3] 	pv_feven = [20130913104512] 
10:45:12.968 INFO  A001TO - [3] 	rp_ids = [64296947        ] 
10:45:12.968 INFO  A001TO - [3] 	rp_mnt = [003000] 
10:45:12.968 INFO  A001TO - [3] 	rp_cdp = [0001] 
10:45:12.968 INFO  A001TO - [3] 	si_cre = [00] 
10:45:12.968 INFO  A001TO - [3] 	si_cpr = [948817] 
10:45:12.968 INFO  Fase2Cmd - [3] Codigo de respuesta = [00] --> se enviara confirmacion 
10:45:12.984 INFO  R002TO - [3] Creando objeto R002TO a partir de objeto A001TO 
10:45:12.984 INFO  Fase2Cmd - [3] Abriendo conexion con servidor remoto: IP = [sd03.idev.cl] - PUERTO = [9100] 
10:45:12.984 INFO  Fase2Cmd - [3] Mensaje   [R002000110020000010000010000000000010000032013091310451264296947        0030000001948817] enviado exitosamente 
10:45:13.421 INFO  Fase2Cmd - [3] Respuesta [A002000110020000010000010000000000010000032013091310451264296947        0030000001006949630300000000000054Recarga exitosa. Su codigo de autorizacion es 69496303] recibida correctamente 
10:45:13.421 INFO  Fase2Cmd - [3] Conexion con servidor remoto cerrada 
10:45:13.421 INFO  A002TO - [3] Creando objeto A002TO a partir de string recibido desde servidor remoto 
10:45:13.421 INFO  Fase2Cmd - [3] Objeto A002TO recibido: 
10:45:13.421 INFO  A002TO - [3] 	comando = [A002] 
10:45:13.421 INFO  A002TO - [3] 	version = [0001] 
10:45:13.421 INFO  A002TO - [3] 	pv_iddis = [1002] 
10:45:13.421 INFO  A002TO - [3] 	pv_idsdi = [000001] 
10:45:13.421 INFO  A002TO - [3] 	pv_idcan = [000001] 
10:45:13.421 INFO  A002TO - [3] 	pv_idter = [000000000001] 
10:45:13.421 INFO  A002TO - [3] 	pv_sectr = [000003] 
10:45:13.421 INFO  A002TO - [3] 	pv_feven = [20130913104512] 
10:45:13.421 INFO  A002TO - [3] 	rp_ids = [64296947        ] 
10:45:13.421 INFO  A002TO - [3] 	rp_mnt = [003000] 
10:45:13.421 INFO  A002TO - [3] 	rp_cdp = [0001] 
10:45:13.421 INFO  A002TO - [3] 	si_cre = [00] 
10:45:13.421 INFO  A002TO - [3] 	si_cau = [69496303] 
10:45:13.421 INFO  A002TO - [3] 	rp_sal = [00000000] 
10:45:13.421 INFO  A002TO - [3] 	rp_dvig = [000] 
10:45:13.421 INFO  A002TO - [3] 	rp_men = [Recarga exitosa. Su codigo de autorizacion es 69496303] 
10:45:13.421 INFO  Fase2Cmd - [3] Metodo finalizado correctamente 
10:52:55.328 INFO  R001TO - [1] 	comando = [R001] 
10:52:55.359 INFO  R001TO - [1] 	version = [0001] 
10:52:55.359 INFO  R001TO - [1] 	pv_iddis = [1002] 
10:52:55.359 INFO  R001TO - [1] 	pv_idsdi = [000001] 
10:52:55.359 INFO  R001TO - [1] 	pv_idcan = [000001] 
10:52:55.359 INFO  R001TO - [1] 	pv_idter = [000000000001] 
10:52:55.359 INFO  R001TO - [1] 	pv_sectr = [000001] 
10:52:55.359 INFO  R001TO - [1] 	pv_feven = [20130913105255] 
10:52:55.359 INFO  R001TO - [1] 	rp_ids = [64296947        ] 
10:52:55.359 INFO  R001TO - [1] 	rp_mnt = [001000] 
10:52:55.359 INFO  R001TO - [1] 	rp_cdp = [0001] 
10:52:55.359 INFO  Fase1Cmd - [1] Abriendo conexion con servidor remoto: IP = [sd03.idev.cl] - PUERTO = [9100] 
10:52:55.359 INFO  Fase1Cmd - [1] Mensaje   [R001000110020000010000010000000000010000012013091310525564296947        0010000001] enviado exitosamente 
10:52:55.390 INFO  Fase1Cmd - [1] Respuesta [A001000110020000010000010000000000010000012013091310525564296947        001000000103000000] recibida correctamente 
10:52:55.390 INFO  Fase1Cmd - [1] Conexion con servidor remoto cerrada 
10:52:55.390 INFO  A001TO - [1] Creando objeto A001TO a partir de string recibido desde servidor remoto 
10:52:55.390 INFO  A001TO - [1] 	comando = [A001] 
10:52:55.390 INFO  A001TO - [1] 	version = [0001] 
10:52:55.390 INFO  A001TO - [1] 	pv_iddis = [1002] 
10:52:55.390 INFO  A001TO - [1] 	pv_idsdi = [000001] 
10:52:55.390 INFO  A001TO - [1] 	pv_idcan = [000001] 
10:52:55.390 INFO  A001TO - [1] 	pv_idter = [000000000001] 
10:52:55.390 INFO  A001TO - [1] 	pv_sectr = [000001] 
10:52:55.390 INFO  A001TO - [1] 	pv_feven = [20130913105255] 
10:52:55.390 INFO  A001TO - [1] 	rp_ids = [64296947        ] 
10:52:55.390 INFO  A001TO - [1] 	rp_mnt = [001000] 
10:52:55.390 INFO  A001TO - [1] 	rp_cdp = [0001] 
10:52:55.390 INFO  A001TO - [1] 	si_cre = [03] 
10:52:55.390 INFO  A001TO - [1] 	si_cpr = [000000] 
10:52:55.406 INFO  A001TO - [1] 	comando = [A001] 
10:52:55.406 INFO  A001TO - [1] 	version = [0001] 
10:52:55.406 INFO  A001TO - [1] 	pv_iddis = [1002] 
10:52:55.406 INFO  A001TO - [1] 	pv_idsdi = [000001] 
10:52:55.406 INFO  A001TO - [1] 	pv_idcan = [000001] 
10:52:55.406 INFO  A001TO - [1] 	pv_idter = [000000000001] 
10:52:55.406 INFO  A001TO - [1] 	pv_sectr = [000001] 
10:52:55.406 INFO  A001TO - [1] 	pv_feven = [20130913105255] 
10:52:55.406 INFO  A001TO - [1] 	rp_ids = [64296947        ] 
10:52:55.406 INFO  A001TO - [1] 	rp_mnt = [001000] 
10:52:55.406 INFO  A001TO - [1] 	rp_cdp = [0001] 
10:52:55.406 INFO  A001TO - [1] 	si_cre = [03] 
10:52:55.406 INFO  A001TO - [1] 	si_cpr = [000000] 
10:52:55.421 INFO  Fase2Cmd - [1] Codigo de respuesta = [03] --> no se enviara confirmacion 
10:52:55.421 INFO  A002TO - [1] Creando objeto A002TO a partir de un objeto A001TO 
10:52:55.421 INFO  Fase2Cmd - [1] Objeto A002TO de salida: 
10:52:55.421 INFO  A002TO - [1] 	comando = [A001] 
10:52:55.421 INFO  A002TO - [1] 	version = [0001] 
10:52:55.421 INFO  A002TO - [1] 	pv_iddis = [1002] 
10:52:55.421 INFO  A002TO - [1] 	pv_idsdi = [000001] 
10:52:55.421 INFO  A002TO - [1] 	pv_idcan = [000001] 
10:52:55.437 INFO  A002TO - [1] 	pv_idter = [000000000001] 
10:52:55.437 INFO  A002TO - [1] 	pv_sectr = [000001] 
10:52:55.437 INFO  A002TO - [1] 	pv_feven = [20130913105255] 
10:52:55.437 INFO  A002TO - [1] 	rp_ids = [64296947        ] 
10:52:55.437 INFO  A002TO - [1] 	rp_mnt = [001000] 
10:52:55.437 INFO  A002TO - [1] 	rp_cdp = [0001] 
10:52:55.437 INFO  A002TO - [1] 	si_cre = [03] 
10:52:55.437 INFO  A002TO - [1] 	si_cau = [00000000] 
10:52:55.437 INFO  A002TO - [1] 	rp_sal = [] 
10:52:55.437 INFO  A002TO - [1] 	rp_dvig = [] 
10:52:55.437 INFO  A002TO - [1] 	rp_men = [] 
10:52:55.437 INFO  Fase2Cmd - [1] Metodo finalizado correctamente 
10:53:07.843 INFO  R001TO - [2] 	comando = [R001] 
10:53:07.843 INFO  R001TO - [2] 	version = [0001] 
10:53:07.843 INFO  R001TO - [2] 	pv_iddis = [1002] 
10:53:07.843 INFO  R001TO - [2] 	pv_idsdi = [000001] 
10:53:07.843 INFO  R001TO - [2] 	pv_idcan = [000001] 
10:53:07.843 INFO  R001TO - [2] 	pv_idter = [000000000001] 
10:53:07.843 INFO  R001TO - [2] 	pv_sectr = [000002] 
10:53:07.843 INFO  R001TO - [2] 	pv_feven = [20130913105307] 
10:53:07.843 INFO  R001TO - [2] 	rp_ids = [64296947        ] 
10:53:07.843 INFO  R001TO - [2] 	rp_mnt = [003000] 
10:53:07.843 INFO  R001TO - [2] 	rp_cdp = [0001] 
10:53:07.843 INFO  Fase1Cmd - [2] Abriendo conexion con servidor remoto: IP = [sd03.idev.cl] - PUERTO = [9100] 
10:53:07.859 INFO  Fase1Cmd - [2] Mensaje   [R001000110020000010000010000000000010000022013091310530764296947        0030000001] enviado exitosamente 
10:53:08.046 INFO  Fase1Cmd - [2] Respuesta [A001000110020000010000010000000000010000022013091310530764296947        003000000100431940] recibida correctamente 
10:53:08.046 INFO  Fase1Cmd - [2] Conexion con servidor remoto cerrada 
10:53:08.046 INFO  A001TO - [2] Creando objeto A001TO a partir de string recibido desde servidor remoto 
10:53:08.046 INFO  A001TO - [2] 	comando = [A001] 
10:53:08.046 INFO  A001TO - [2] 	version = [0001] 
10:53:08.046 INFO  A001TO - [2] 	pv_iddis = [1002] 
10:53:08.046 INFO  A001TO - [2] 	pv_idsdi = [000001] 
10:53:08.046 INFO  A001TO - [2] 	pv_idcan = [000001] 
10:53:08.046 INFO  A001TO - [2] 	pv_idter = [000000000001] 
10:53:08.046 INFO  A001TO - [2] 	pv_sectr = [000002] 
10:53:08.046 INFO  A001TO - [2] 	pv_feven = [20130913105307] 
10:53:08.046 INFO  A001TO - [2] 	rp_ids = [64296947        ] 
10:53:08.046 INFO  A001TO - [2] 	rp_mnt = [003000] 
10:53:08.046 INFO  A001TO - [2] 	rp_cdp = [0001] 
10:53:08.046 INFO  A001TO - [2] 	si_cre = [00] 
10:53:08.046 INFO  A001TO - [2] 	si_cpr = [431940] 
10:53:08.046 INFO  A001TO - [2] 	comando = [A001] 
10:53:08.046 INFO  A001TO - [2] 	version = [0001] 
10:53:08.046 INFO  A001TO - [2] 	pv_iddis = [1002] 
10:53:08.046 INFO  A001TO - [2] 	pv_idsdi = [000001] 
10:53:08.046 INFO  A001TO - [2] 	pv_idcan = [000001] 
10:53:08.046 INFO  A001TO - [2] 	pv_idter = [000000000001] 
10:53:08.062 INFO  A001TO - [2] 	pv_sectr = [000002] 
10:53:08.062 INFO  A001TO - [2] 	pv_feven = [20130913105307] 
10:53:08.062 INFO  A001TO - [2] 	rp_ids = [64296947        ] 
10:53:08.062 INFO  A001TO - [2] 	rp_mnt = [003000] 
10:53:08.062 INFO  A001TO - [2] 	rp_cdp = [0001] 
10:53:08.062 INFO  A001TO - [2] 	si_cre = [00] 
10:53:08.062 INFO  A001TO - [2] 	si_cpr = [431940] 
10:53:08.062 INFO  Fase2Cmd - [2] Codigo de respuesta = [00] --> se enviara confirmacion 
10:53:08.078 INFO  R002TO - [2] Creando objeto R002TO a partir de objeto A001TO 
10:53:08.078 INFO  Fase2Cmd - [2] Abriendo conexion con servidor remoto: IP = [sd03.idev.cl] - PUERTO = [9100] 
10:53:08.078 INFO  Fase2Cmd - [2] Mensaje   [R002000110020000010000010000000000010000022013091310530764296947        0030000001431940] enviado exitosamente 
10:53:08.328 INFO  Fase2Cmd - [2] Respuesta [A002000110020000010000010000000000010000022013091310530764296947        0030000001007137920700000000000054Recarga exitosa. Su codigo de autorizacion es 71379207] recibida correctamente 
10:53:08.328 INFO  Fase2Cmd - [2] Conexion con servidor remoto cerrada 
10:53:08.328 INFO  A002TO - [2] Creando objeto A002TO a partir de string recibido desde servidor remoto 
10:53:08.343 INFO  Fase2Cmd - [2] Objeto A002TO recibido: 
10:53:08.343 INFO  A002TO - [2] 	comando = [A002] 
10:53:08.343 INFO  A002TO - [2] 	version = [0001] 
10:53:08.343 INFO  A002TO - [2] 	pv_iddis = [1002] 
10:53:08.343 INFO  A002TO - [2] 	pv_idsdi = [000001] 
10:53:08.343 INFO  A002TO - [2] 	pv_idcan = [000001] 
10:53:08.343 INFO  A002TO - [2] 	pv_idter = [000000000001] 
10:53:08.343 INFO  A002TO - [2] 	pv_sectr = [000002] 
10:53:08.343 INFO  A002TO - [2] 	pv_feven = [20130913105307] 
10:53:08.343 INFO  A002TO - [2] 	rp_ids = [64296947        ] 
10:53:08.343 INFO  A002TO - [2] 	rp_mnt = [003000] 
10:53:08.343 INFO  A002TO - [2] 	rp_cdp = [0001] 
10:53:08.343 INFO  A002TO - [2] 	si_cre = [00] 
10:53:08.343 INFO  A002TO - [2] 	si_cau = [71379207] 
10:53:08.343 INFO  A002TO - [2] 	rp_sal = [00000000] 
10:53:08.343 INFO  A002TO - [2] 	rp_dvig = [000] 
10:53:08.343 INFO  A002TO - [2] 	rp_men = [Recarga exitosa. Su codigo de autorizacion es 71379207] 
10:53:08.343 INFO  Fase2Cmd - [2] Metodo finalizado correctamente 
